<?xml version="1.0" encoding="UTF-8"?>
<coverage generated="1771682758605" clover="3.2.0">
  <project timestamp="1771682758605" name="All files">
    <metrics statements="92" coveredstatements="91" conditionals="32" coveredconditionals="32" methods="27" coveredmethods="26" elements="151" coveredelements="149" complexity="0" loc="92" ncloc="92" packages="2" files="6" classes="6"/>
    <package name="pages">
      <metrics statements="43" coveredstatements="43" conditionals="20" coveredconditionals="20" methods="13" coveredmethods="13"/>
      <file name="CategoryProduct.js" path="C:\Users\USER\Desktop\NUS exchange classes\CS4218 Software Testing\Project\cs4218-2520-ecom-project-cs4218-2520-team13\client\src\pages\CategoryProduct.js">
        <metrics statements="16" coveredstatements="16" conditionals="8" coveredconditionals="8" methods="5" coveredmethods="5"/>
        <line num="6" count="1" type="stmt"/>
        <line num="7" count="17" type="stmt"/>
        <line num="8" count="17" type="stmt"/>
        <line num="9" count="17" type="stmt"/>
        <line num="10" count="17" type="stmt"/>
        <line num="12" count="17" type="stmt"/>
        <line num="13" count="11" type="cond" truecount="2" falsecount="0"/>
        <line num="15" count="17" type="stmt"/>
        <line num="16" count="10" type="stmt"/>
        <line num="17" count="10" type="stmt"/>
        <line num="20" count="9" type="stmt"/>
        <line num="21" count="9" type="stmt"/>
        <line num="23" count="1" type="stmt"/>
        <line num="27" count="17" type="stmt"/>
        <line num="36" count="7" type="stmt"/>
        <line num="58" count="1" type="cond" truecount="2" falsecount="0"/>
      </file>
      <file name="Contact.js" path="C:\Users\USER\Desktop\NUS exchange classes\CS4218 Software Testing\Project\cs4218-2520-ecom-project-cs4218-2520-team13\client\src\pages\Contact.js">
        <metrics statements="2" coveredstatements="2" conditionals="0" coveredconditionals="0" methods="1" coveredmethods="1"/>
        <line num="4" count="1" type="stmt"/>
        <line num="5" count="4" type="stmt"/>
      </file>
      <file name="Policy.js" path="C:\Users\USER\Desktop\NUS exchange classes\CS4218 Software Testing\Project\cs4218-2520-ecom-project-cs4218-2520-team13\client\src\pages\Policy.js">
        <metrics statements="2" coveredstatements="2" conditionals="0" coveredconditionals="0" methods="1" coveredmethods="1"/>
        <line num="4" count="1" type="stmt"/>
        <line num="5" count="3" type="stmt"/>
      </file>
      <file name="ProductDetails.js" path="C:\Users\USER\Desktop\NUS exchange classes\CS4218 Software Testing\Project\cs4218-2520-ecom-project-cs4218-2520-team13\client\src\pages\ProductDetails.js">
        <metrics statements="23" coveredstatements="23" conditionals="12" coveredconditionals="12" methods="6" coveredmethods="6"/>
        <line num="8" count="1" type="stmt"/>
        <line num="9" count="30" type="stmt"/>
        <line num="10" count="30" type="stmt"/>
        <line num="13" count="30" type="stmt"/>
        <line num="14" count="30" type="stmt"/>
        <line num="18" count="30" type="stmt"/>
        <line num="19" count="17" type="cond" truecount="2" falsecount="0"/>
        <line num="22" count="30" type="stmt"/>
        <line num="23" count="16" type="stmt"/>
        <line num="24" count="16" type="stmt"/>
        <line num="27" count="15" type="stmt"/>
        <line num="28" count="15" type="stmt"/>
        <line num="29" count="15" type="cond" truecount="4" falsecount="0"/>
        <line num="30" count="10" type="stmt"/>
        <line num="33" count="1" type="stmt"/>
        <line num="37" count="30" type="stmt"/>
        <line num="38" count="10" type="stmt"/>
        <line num="39" count="10" type="stmt"/>
        <line num="42" count="9" type="stmt"/>
        <line num="44" count="1" type="stmt"/>
        <line num="47" count="30" type="stmt"/>
        <line num="85" count="8" type="stmt"/>
        <line num="107" count="2" type="cond" truecount="2" falsecount="0"/>
      </file>
    </package>
    <package name="pages.Auth">
      <metrics statements="49" coveredstatements="48" conditionals="12" coveredconditionals="12" methods="14" coveredmethods="13"/>
      <file name="Login.js" path="C:\Users\USER\Desktop\NUS exchange classes\CS4218 Software Testing\Project\cs4218-2520-ecom-project-cs4218-2520-team13\client\src\pages\Auth\Login.js">
        <metrics statements="22" coveredstatements="21" conditionals="8" coveredconditionals="8" methods="5" coveredmethods="4"/>
        <line num="9" count="1" type="stmt"/>
        <line num="10" count="14" type="stmt"/>
        <line num="11" count="14" type="stmt"/>
        <line num="12" count="14" type="stmt"/>
        <line num="15" count="14" type="stmt"/>
        <line num="16" count="14" type="stmt"/>
        <line num="20" count="14" type="stmt"/>
        <line num="21" count="3" type="stmt"/>
        <line num="22" count="3" type="stmt"/>
        <line num="23" count="3" type="stmt"/>
        <line num="27" count="2" type="cond" truecount="4" falsecount="0"/>
        <line num="28" count="1" type="cond" truecount="2" falsecount="0"/>
        <line num="36" count="1" type="stmt"/>
        <line num="41" count="1" type="stmt"/>
        <line num="42" count="1" type="cond" truecount="2" falsecount="0"/>
        <line num="44" count="1" type="stmt"/>
        <line num="47" count="1" type="stmt"/>
        <line num="48" count="1" type="stmt"/>
        <line num="51" count="14" type="stmt"/>
        <line num="62" count="4" type="stmt"/>
        <line num="73" count="4" type="stmt"/>
        <line num="85" count="0" type="stmt"/>
      </file>
      <file name="Register.js" path="C:\Users\USER\Desktop\NUS exchange classes\CS4218 Software Testing\Project\cs4218-2520-ecom-project-cs4218-2520-team13\client\src\pages\Auth\Register.js">
        <metrics statements="27" coveredstatements="27" conditionals="4" coveredconditionals="4" methods="9" coveredmethods="9"/>
        <line num="7" count="1" type="stmt"/>
        <line num="8" count="24" type="stmt"/>
        <line num="9" count="24" type="stmt"/>
        <line num="10" count="24" type="stmt"/>
        <line num="11" count="24" type="stmt"/>
        <line num="12" count="24" type="stmt"/>
        <line num="13" count="24" type="stmt"/>
        <line num="14" count="24" type="stmt"/>
        <line num="15" count="24" type="stmt"/>
        <line num="18" count="24" type="stmt"/>
        <line num="19" count="3" type="stmt"/>
        <line num="20" count="3" type="stmt"/>
        <line num="21" count="3" type="stmt"/>
        <line num="30" count="2" type="cond" truecount="4" falsecount="0"/>
        <line num="31" count="1" type="stmt"/>
        <line num="32" count="1" type="stmt"/>
        <line num="34" count="1" type="stmt"/>
        <line num="37" count="1" type="stmt"/>
        <line num="38" count="1" type="stmt"/>
        <line num="42" count="24" type="stmt"/>
        <line num="51" count="3" type="stmt"/>
        <line num="63" count="3" type="stmt"/>
        <line num="74" count="3" type="stmt"/>
        <line num="85" count="3" type="stmt"/>
        <line num="96" count="3" type="stmt"/>
        <line num="107" count="3" type="stmt"/>
        <line num="118" count="3" type="stmt"/>
      </file>
    </package>
  </project>
</coverage>
