{"C:\\Users\\USER\\Desktop\\NUS exchange classes\\CS4218 Software Testing\\Project\\cs4218-2520-ecom-project-cs4218-2520-team13\\controllers\\authController.js": {"path":"C:\\Users\\USER\\Desktop\\NUS exchange classes\\CS4218 Software Testing\\Project\\cs4218-2520-ecom-project-cs4218-2520-team13\\controllers\\authController.js","statementMap":{"0":{"start":{"line":7,"column":34},"end":{"line":63,"column":1}},"1":{"start":{"line":8,"column":2},"end":{"line":62,"column":3}},"2":{"start":{"line":9,"column":62},"end":{"line":9,"column":70}},"3":{"start":{"line":11,"column":4},"end":{"line":13,"column":5}},"4":{"start":{"line":12,"column":6},"end":{"line":12,"column":53}},"5":{"start":{"line":14,"column":4},"end":{"line":16,"column":5}},"6":{"start":{"line":15,"column":6},"end":{"line":15,"column":56}},"7":{"start":{"line":17,"column":4},"end":{"line":19,"column":5}},"8":{"start":{"line":18,"column":6},"end":{"line":18,"column":59}},"9":{"start":{"line":20,"column":4},"end":{"line":22,"column":5}},"10":{"start":{"line":21,"column":6},"end":{"line":21,"column":59}},"11":{"start":{"line":23,"column":4},"end":{"line":25,"column":5}},"12":{"start":{"line":24,"column":6},"end":{"line":24,"column":58}},"13":{"start":{"line":26,"column":4},"end":{"line":28,"column":5}},"14":{"start":{"line":27,"column":6},"end":{"line":27,"column":57}},"15":{"start":{"line":30,"column":26},"end":{"line":30,"column":60}},"16":{"start":{"line":32,"column":4},"end":{"line":37,"column":5}},"17":{"start":{"line":33,"column":6},"end":{"line":36,"column":9}},"18":{"start":{"line":39,"column":27},"end":{"line":39,"column":55}},"19":{"start":{"line":41,"column":17},"end":{"line":48,"column":13}},"20":{"start":{"line":50,"column":4},"end":{"line":54,"column":7}},"21":{"start":{"line":56,"column":4},"end":{"line":56,"column":23}},"22":{"start":{"line":57,"column":4},"end":{"line":61,"column":7}},"23":{"start":{"line":66,"column":31},"end":{"line":116,"column":1}},"24":{"start":{"line":67,"column":2},"end":{"line":115,"column":3}},"25":{"start":{"line":68,"column":32},"end":{"line":68,"column":40}},"26":{"start":{"line":70,"column":4},"end":{"line":75,"column":5}},"27":{"start":{"line":71,"column":6},"end":{"line":74,"column":9}},"28":{"start":{"line":77,"column":17},"end":{"line":77,"column":51}},"29":{"start":{"line":78,"column":4},"end":{"line":83,"column":5}},"30":{"start":{"line":79,"column":6},"end":{"line":82,"column":9}},"31":{"start":{"line":84,"column":18},"end":{"line":84,"column":64}},"32":{"start":{"line":85,"column":4},"end":{"line":90,"column":5}},"33":{"start":{"line":86,"column":6},"end":{"line":89,"column":9}},"34":{"start":{"line":92,"column":18},"end":{"line":94,"column":6}},"35":{"start":{"line":95,"column":4},"end":{"line":107,"column":7}},"36":{"start":{"line":109,"column":4},"end":{"line":109,"column":23}},"37":{"start":{"line":110,"column":4},"end":{"line":114,"column":7}},"38":{"start":{"line":120,"column":40},"end":{"line":155,"column":1}},"39":{"start":{"line":121,"column":2},"end":{"line":154,"column":3}},"40":{"start":{"line":122,"column":43},"end":{"line":122,"column":51}},"41":{"start":{"line":123,"column":4},"end":{"line":125,"column":5}},"42":{"start":{"line":124,"column":6},"end":{"line":124,"column":60}},"43":{"start":{"line":126,"column":4},"end":{"line":128,"column":5}},"44":{"start":{"line":127,"column":6},"end":{"line":127,"column":62}},"45":{"start":{"line":129,"column":4},"end":{"line":131,"column":5}},"46":{"start":{"line":130,"column":6},"end":{"line":130,"column":68}},"47":{"start":{"line":133,"column":17},"end":{"line":133,"column":59}},"48":{"start":{"line":135,"column":4},"end":{"line":140,"column":5}},"49":{"start":{"line":136,"column":6},"end":{"line":139,"column":9}},"50":{"start":{"line":141,"column":19},"end":{"line":141,"column":50}},"51":{"start":{"line":142,"column":4},"end":{"line":142,"column":70}},"52":{"start":{"line":143,"column":4},"end":{"line":146,"column":7}},"53":{"start":{"line":148,"column":4},"end":{"line":148,"column":23}},"54":{"start":{"line":149,"column":4},"end":{"line":153,"column":7}},"55":{"start":{"line":158,"column":30},"end":{"line":165,"column":1}},"56":{"start":{"line":159,"column":2},"end":{"line":164,"column":3}},"57":{"start":{"line":160,"column":4},"end":{"line":160,"column":33}},"58":{"start":{"line":162,"column":4},"end":{"line":162,"column":23}},"59":{"start":{"line":163,"column":4},"end":{"line":163,"column":24}},"60":{"start":{"line":168,"column":39},"end":{"line":200,"column":1}},"61":{"start":{"line":169,"column":2},"end":{"line":199,"column":3}},"62":{"start":{"line":170,"column":54},"end":{"line":170,"column":62}},"63":{"start":{"line":171,"column":17},"end":{"line":171,"column":55}},"64":{"start":{"line":173,"column":4},"end":{"line":175,"column":5}},"65":{"start":{"line":174,"column":6},"end":{"line":174,"column":79}},"66":{"start":{"line":176,"column":27},"end":{"line":176,"column":78}},"67":{"start":{"line":177,"column":24},"end":{"line":186,"column":5}},"68":{"start":{"line":187,"column":4},"end":{"line":191,"column":7}},"69":{"start":{"line":193,"column":4},"end":{"line":193,"column":23}},"70":{"start":{"line":194,"column":4},"end":{"line":198,"column":7}},"71":{"start":{"line":203,"column":35},"end":{"line":218,"column":1}},"72":{"start":{"line":204,"column":2},"end":{"line":217,"column":3}},"73":{"start":{"line":205,"column":19},"end":{"line":208,"column":32}},"74":{"start":{"line":209,"column":4},"end":{"line":209,"column":21}},"75":{"start":{"line":211,"column":4},"end":{"line":211,"column":23}},"76":{"start":{"line":212,"column":4},"end":{"line":216,"column":7}},"77":{"start":{"line":220,"column":38},"end":{"line":236,"column":1}},"78":{"start":{"line":221,"column":2},"end":{"line":235,"column":3}},"79":{"start":{"line":222,"column":19},"end":{"line":226,"column":32}},"80":{"start":{"line":227,"column":4},"end":{"line":227,"column":21}},"81":{"start":{"line":229,"column":4},"end":{"line":229,"column":23}},"82":{"start":{"line":230,"column":4},"end":{"line":234,"column":7}},"83":{"start":{"line":239,"column":37},"end":{"line":257,"column":1}},"84":{"start":{"line":240,"column":2},"end":{"line":256,"column":3}},"85":{"start":{"line":241,"column":24},"end":{"line":241,"column":34}},"86":{"start":{"line":242,"column":23},"end":{"line":242,"column":31}},"87":{"start":{"line":243,"column":19},"end":{"line":247,"column":5}},"88":{"start":{"line":248,"column":4},"end":{"line":248,"column":21}},"89":{"start":{"line":250,"column":4},"end":{"line":250,"column":23}},"90":{"start":{"line":251,"column":4},"end":{"line":255,"column":7}}},"fnMap":{"0":{"name":"(anonymous_0)","decl":{"start":{"line":7,"column":34},"end":{"line":7,"column":35}},"loc":{"start":{"line":7,"column":54},"end":{"line":63,"column":1}},"line":7},"1":{"name":"(anonymous_1)","decl":{"start":{"line":66,"column":31},"end":{"line":66,"column":32}},"loc":{"start":{"line":66,"column":51},"end":{"line":116,"column":1}},"line":66},"2":{"name":"(anonymous_2)","decl":{"start":{"line":120,"column":40},"end":{"line":120,"column":41}},"loc":{"start":{"line":120,"column":60},"end":{"line":155,"column":1}},"line":120},"3":{"name":"(anonymous_3)","decl":{"start":{"line":158,"column":30},"end":{"line":158,"column":31}},"loc":{"start":{"line":158,"column":44},"end":{"line":165,"column":1}},"line":158},"4":{"name":"(anonymous_4)","decl":{"start":{"line":168,"column":39},"end":{"line":168,"column":40}},"loc":{"start":{"line":168,"column":59},"end":{"line":200,"column":1}},"line":168},"5":{"name":"(anonymous_5)","decl":{"start":{"line":203,"column":35},"end":{"line":203,"column":36}},"loc":{"start":{"line":203,"column":55},"end":{"line":218,"column":1}},"line":203},"6":{"name":"(anonymous_6)","decl":{"start":{"line":220,"column":38},"end":{"line":220,"column":39}},"loc":{"start":{"line":220,"column":58},"end":{"line":236,"column":1}},"line":220},"7":{"name":"(anonymous_7)","decl":{"start":{"line":239,"column":37},"end":{"line":239,"column":38}},"loc":{"start":{"line":239,"column":57},"end":{"line":257,"column":1}},"line":239}},"branchMap":{"0":{"loc":{"start":{"line":11,"column":4},"end":{"line":13,"column":5}},"type":"if","locations":[{"start":{"line":11,"column":4},"end":{"line":13,"column":5}},{"start":{},"end":{}}],"line":11},"1":{"loc":{"start":{"line":14,"column":4},"end":{"line":16,"column":5}},"type":"if","locations":[{"start":{"line":14,"column":4},"end":{"line":16,"column":5}},{"start":{},"end":{}}],"line":14},"2":{"loc":{"start":{"line":17,"column":4},"end":{"line":19,"column":5}},"type":"if","locations":[{"start":{"line":17,"column":4},"end":{"line":19,"column":5}},{"start":{},"end":{}}],"line":17},"3":{"loc":{"start":{"line":20,"column":4},"end":{"line":22,"column":5}},"type":"if","locations":[{"start":{"line":20,"column":4},"end":{"line":22,"column":5}},{"start":{},"end":{}}],"line":20},"4":{"loc":{"start":{"line":23,"column":4},"end":{"line":25,"column":5}},"type":"if","locations":[{"start":{"line":23,"column":4},"end":{"line":25,"column":5}},{"start":{},"end":{}}],"line":23},"5":{"loc":{"start":{"line":26,"column":4},"end":{"line":28,"column":5}},"type":"if","locations":[{"start":{"line":26,"column":4},"end":{"line":28,"column":5}},{"start":{},"end":{}}],"line":26},"6":{"loc":{"start":{"line":32,"column":4},"end":{"line":37,"column":5}},"type":"if","locations":[{"start":{"line":32,"column":4},"end":{"line":37,"column":5}},{"start":{},"end":{}}],"line":32},"7":{"loc":{"start":{"line":70,"column":4},"end":{"line":75,"column":5}},"type":"if","locations":[{"start":{"line":70,"column":4},"end":{"line":75,"column":5}},{"start":{},"end":{}}],"line":70},"8":{"loc":{"start":{"line":70,"column":8},"end":{"line":70,"column":27}},"type":"binary-expr","locations":[{"start":{"line":70,"column":8},"end":{"line":70,"column":14}},{"start":{"line":70,"column":18},"end":{"line":70,"column":27}}],"line":70},"9":{"loc":{"start":{"line":78,"column":4},"end":{"line":83,"column":5}},"type":"if","locations":[{"start":{"line":78,"column":4},"end":{"line":83,"column":5}},{"start":{},"end":{}}],"line":78},"10":{"loc":{"start":{"line":85,"column":4},"end":{"line":90,"column":5}},"type":"if","locations":[{"start":{"line":85,"column":4},"end":{"line":90,"column":5}},{"start":{},"end":{}}],"line":85},"11":{"loc":{"start":{"line":123,"column":4},"end":{"line":125,"column":5}},"type":"if","locations":[{"start":{"line":123,"column":4},"end":{"line":125,"column":5}},{"start":{},"end":{}}],"line":123},"12":{"loc":{"start":{"line":126,"column":4},"end":{"line":128,"column":5}},"type":"if","locations":[{"start":{"line":126,"column":4},"end":{"line":128,"column":5}},{"start":{},"end":{}}],"line":126},"13":{"loc":{"start":{"line":129,"column":4},"end":{"line":131,"column":5}},"type":"if","locations":[{"start":{"line":129,"column":4},"end":{"line":131,"column":5}},{"start":{},"end":{}}],"line":129},"14":{"loc":{"start":{"line":135,"column":4},"end":{"line":140,"column":5}},"type":"if","locations":[{"start":{"line":135,"column":4},"end":{"line":140,"column":5}},{"start":{},"end":{}}],"line":135},"15":{"loc":{"start":{"line":173,"column":4},"end":{"line":175,"column":5}},"type":"if","locations":[{"start":{"line":173,"column":4},"end":{"line":175,"column":5}},{"start":{},"end":{}}],"line":173},"16":{"loc":{"start":{"line":173,"column":8},"end":{"line":173,"column":39}},"type":"binary-expr","locations":[{"start":{"line":173,"column":8},"end":{"line":173,"column":16}},{"start":{"line":173,"column":20},"end":{"line":173,"column":39}}],"line":173},"17":{"loc":{"start":{"line":176,"column":27},"end":{"line":176,"column":78}},"type":"cond-expr","locations":[{"start":{"line":176,"column":38},"end":{"line":176,"column":66}},{"start":{"line":176,"column":69},"end":{"line":176,"column":78}}],"line":176},"18":{"loc":{"start":{"line":180,"column":14},"end":{"line":180,"column":31}},"type":"binary-expr","locations":[{"start":{"line":180,"column":14},"end":{"line":180,"column":18}},{"start":{"line":180,"column":22},"end":{"line":180,"column":31}}],"line":180},"19":{"loc":{"start":{"line":181,"column":18},"end":{"line":181,"column":49}},"type":"binary-expr","locations":[{"start":{"line":181,"column":18},"end":{"line":181,"column":32}},{"start":{"line":181,"column":36},"end":{"line":181,"column":49}}],"line":181},"20":{"loc":{"start":{"line":182,"column":15},"end":{"line":182,"column":34}},"type":"binary-expr","locations":[{"start":{"line":182,"column":15},"end":{"line":182,"column":20}},{"start":{"line":182,"column":24},"end":{"line":182,"column":34}}],"line":182},"21":{"loc":{"start":{"line":183,"column":17},"end":{"line":183,"column":40}},"type":"binary-expr","locations":[{"start":{"line":183,"column":17},"end":{"line":183,"column":24}},{"start":{"line":183,"column":28},"end":{"line":183,"column":40}}],"line":183}},"s":{"0":0,"1":0,"2":0,"3":0,"4":0,"5":0,"6":0,"7":0,"8":0,"9":0,"10":0,"11":0,"12":0,"13":0,"14":0,"15":0,"16":0,"17":0,"18":0,"19":0,"20":0,"21":0,"22":0,"23":0,"24":0,"25":0,"26":0,"27":0,"28":0,"29":0,"30":0,"31":0,"32":0,"33":0,"34":0,"35":0,"36":0,"37":0,"38":0,"39":0,"40":0,"41":0,"42":0,"43":0,"44":0,"45":0,"46":0,"47":0,"48":0,"49":0,"50":0,"51":0,"52":0,"53":0,"54":0,"55":0,"56":0,"57":0,"58":0,"59":0,"60":0,"61":0,"62":0,"63":0,"64":0,"65":0,"66":0,"67":0,"68":0,"69":0,"70":0,"71":0,"72":0,"73":0,"74":0,"75":0,"76":0,"77":0,"78":0,"79":0,"80":0,"81":0,"82":0,"83":0,"84":0,"85":0,"86":0,"87":0,"88":0,"89":0,"90":0},"f":{"0":0,"1":0,"2":0,"3":0,"4":0,"5":0,"6":0,"7":0},"b":{"0":[0,0],"1":[0,0],"2":[0,0],"3":[0,0],"4":[0,0],"5":[0,0],"6":[0,0],"7":[0,0],"8":[0,0],"9":[0,0],"10":[0,0],"11":[0,0],"12":[0,0],"13":[0,0],"14":[0,0],"15":[0,0],"16":[0,0],"17":[0,0],"18":[0,0],"19":[0,0],"20":[0,0],"21":[0,0]}}
,"C:\\Users\\USER\\Desktop\\NUS exchange classes\\CS4218 Software Testing\\Project\\cs4218-2520-ecom-project-cs4218-2520-team13\\controllers\\categoryController.js": {"path":"C:\\Users\\USER\\Desktop\\NUS exchange classes\\CS4218 Software Testing\\Project\\cs4218-2520-ecom-project-cs4218-2520-team13\\controllers\\categoryController.js","statementMap":{"0":{"start":{"line":3,"column":40},"end":{"line":33,"column":1}},"1":{"start":{"line":4,"column":2},"end":{"line":32,"column":3}},"2":{"start":{"line":5,"column":21},"end":{"line":5,"column":29}},"3":{"start":{"line":6,"column":4},"end":{"line":8,"column":5}},"4":{"start":{"line":7,"column":6},"end":{"line":7,"column":67}},"5":{"start":{"line":9,"column":29},"end":{"line":9,"column":66}},"6":{"start":{"line":10,"column":4},"end":{"line":15,"column":5}},"7":{"start":{"line":11,"column":6},"end":{"line":14,"column":9}},"8":{"start":{"line":16,"column":21},"end":{"line":19,"column":13}},"9":{"start":{"line":20,"column":4},"end":{"line":24,"column":7}},"10":{"start":{"line":26,"column":4},"end":{"line":26,"column":23}},"11":{"start":{"line":27,"column":4},"end":{"line":31,"column":7}},"12":{"start":{"line":36,"column":40},"end":{"line":58,"column":1}},"13":{"start":{"line":37,"column":2},"end":{"line":57,"column":3}},"14":{"start":{"line":38,"column":21},"end":{"line":38,"column":29}},"15":{"start":{"line":39,"column":19},"end":{"line":39,"column":29}},"16":{"start":{"line":40,"column":21},"end":{"line":44,"column":5}},"17":{"start":{"line":45,"column":4},"end":{"line":49,"column":7}},"18":{"start":{"line":51,"column":4},"end":{"line":51,"column":23}},"19":{"start":{"line":52,"column":4},"end":{"line":56,"column":7}},"20":{"start":{"line":61,"column":35},"end":{"line":77,"column":1}},"21":{"start":{"line":62,"column":2},"end":{"line":76,"column":3}},"22":{"start":{"line":63,"column":21},"end":{"line":63,"column":49}},"23":{"start":{"line":64,"column":4},"end":{"line":68,"column":7}},"24":{"start":{"line":70,"column":4},"end":{"line":70,"column":23}},"25":{"start":{"line":71,"column":4},"end":{"line":75,"column":7}},"26":{"start":{"line":80,"column":40},"end":{"line":96,"column":1}},"27":{"start":{"line":81,"column":2},"end":{"line":95,"column":3}},"28":{"start":{"line":82,"column":21},"end":{"line":82,"column":75}},"29":{"start":{"line":83,"column":4},"end":{"line":87,"column":7}},"30":{"start":{"line":89,"column":4},"end":{"line":89,"column":23}},"31":{"start":{"line":90,"column":4},"end":{"line":94,"column":7}},"32":{"start":{"line":99,"column":40},"end":{"line":115,"column":1}},"33":{"start":{"line":100,"column":2},"end":{"line":114,"column":3}},"34":{"start":{"line":101,"column":19},"end":{"line":101,"column":29}},"35":{"start":{"line":102,"column":4},"end":{"line":102,"column":46}},"36":{"start":{"line":103,"column":4},"end":{"line":106,"column":7}},"37":{"start":{"line":108,"column":4},"end":{"line":108,"column":23}},"38":{"start":{"line":109,"column":4},"end":{"line":113,"column":7}}},"fnMap":{"0":{"name":"(anonymous_0)","decl":{"start":{"line":3,"column":40},"end":{"line":3,"column":41}},"loc":{"start":{"line":3,"column":60},"end":{"line":33,"column":1}},"line":3},"1":{"name":"(anonymous_1)","decl":{"start":{"line":36,"column":40},"end":{"line":36,"column":41}},"loc":{"start":{"line":36,"column":60},"end":{"line":58,"column":1}},"line":36},"2":{"name":"(anonymous_2)","decl":{"start":{"line":61,"column":35},"end":{"line":61,"column":36}},"loc":{"start":{"line":61,"column":55},"end":{"line":77,"column":1}},"line":61},"3":{"name":"(anonymous_3)","decl":{"start":{"line":80,"column":40},"end":{"line":80,"column":41}},"loc":{"start":{"line":80,"column":60},"end":{"line":96,"column":1}},"line":80},"4":{"name":"(anonymous_4)","decl":{"start":{"line":99,"column":40},"end":{"line":99,"column":41}},"loc":{"start":{"line":99,"column":60},"end":{"line":115,"column":1}},"line":99}},"branchMap":{"0":{"loc":{"start":{"line":6,"column":4},"end":{"line":8,"column":5}},"type":"if","locations":[{"start":{"line":6,"column":4},"end":{"line":8,"column":5}},{"start":{},"end":{}}],"line":6},"1":{"loc":{"start":{"line":10,"column":4},"end":{"line":15,"column":5}},"type":"if","locations":[{"start":{"line":10,"column":4},"end":{"line":15,"column":5}},{"start":{},"end":{}}],"line":10}},"s":{"0":0,"1":0,"2":0,"3":0,"4":0,"5":0,"6":0,"7":0,"8":0,"9":0,"10":0,"11":0,"12":0,"13":0,"14":0,"15":0,"16":0,"17":0,"18":0,"19":0,"20":0,"21":0,"22":0,"23":0,"24":0,"25":0,"26":0,"27":0,"28":0,"29":0,"30":0,"31":0,"32":0,"33":0,"34":0,"35":0,"36":0,"37":0,"38":0},"f":{"0":0,"1":0,"2":0,"3":0,"4":0},"b":{"0":[0,0],"1":[0,0]}}
,"C:\\Users\\USER\\Desktop\\NUS exchange classes\\CS4218 Software Testing\\Project\\cs4218-2520-ecom-project-cs4218-2520-team13\\controllers\\productController.js": {"path":"C:\\Users\\USER\\Desktop\\NUS exchange classes\\CS4218 Software Testing\\Project\\cs4218-2520-ecom-project-cs4218-2520-team13\\controllers\\productController.js","statementMap":{"0":{"start":{"line":10,"column":0},"end":{"line":10,"column":16}},"1":{"start":{"line":13,"column":14},"end":{"line":18,"column":2}},"2":{"start":{"line":20,"column":39},"end":{"line":62,"column":1}},"3":{"start":{"line":21,"column":2},"end":{"line":61,"column":3}},"4":{"start":{"line":23,"column":6},"end":{"line":23,"column":16}},"5":{"start":{"line":24,"column":22},"end":{"line":24,"column":31}},"6":{"start":{"line":26,"column":4},"end":{"line":41,"column":5}},"7":{"start":{"line":28,"column":8},"end":{"line":28,"column":67}},"8":{"start":{"line":30,"column":8},"end":{"line":30,"column":74}},"9":{"start":{"line":32,"column":8},"end":{"line":32,"column":68}},"10":{"start":{"line":34,"column":8},"end":{"line":34,"column":71}},"11":{"start":{"line":36,"column":8},"end":{"line":36,"column":71}},"12":{"start":{"line":38,"column":8},"end":{"line":40,"column":76}},"13":{"start":{"line":43,"column":21},"end":{"line":43,"column":77}},"14":{"start":{"line":44,"column":4},"end":{"line":47,"column":5}},"15":{"start":{"line":45,"column":6},"end":{"line":45,"column":56}},"16":{"start":{"line":46,"column":6},"end":{"line":46,"column":46}},"17":{"start":{"line":48,"column":4},"end":{"line":48,"column":26}},"18":{"start":{"line":49,"column":4},"end":{"line":53,"column":7}},"19":{"start":{"line":55,"column":4},"end":{"line":55,"column":23}},"20":{"start":{"line":56,"column":4},"end":{"line":60,"column":7}},"21":{"start":{"line":65,"column":36},"end":{"line":87,"column":1}},"22":{"start":{"line":66,"column":2},"end":{"line":86,"column":3}},"23":{"start":{"line":67,"column":21},"end":{"line":72,"column":30}},"24":{"start":{"line":73,"column":4},"end":{"line":78,"column":7}},"25":{"start":{"line":80,"column":4},"end":{"line":80,"column":23}},"26":{"start":{"line":81,"column":4},"end":{"line":85,"column":7}},"27":{"start":{"line":90,"column":42},"end":{"line":109,"column":1}},"28":{"start":{"line":91,"column":2},"end":{"line":108,"column":3}},"29":{"start":{"line":92,"column":20},"end":{"line":95,"column":27}},"30":{"start":{"line":96,"column":4},"end":{"line":100,"column":7}},"31":{"start":{"line":102,"column":4},"end":{"line":102,"column":23}},"32":{"start":{"line":103,"column":4},"end":{"line":107,"column":7}},"33":{"start":{"line":112,"column":38},"end":{"line":141,"column":1}},"34":{"start":{"line":113,"column":2},"end":{"line":140,"column":3}},"35":{"start":{"line":114,"column":20},"end":{"line":114,"column":79}},"36":{"start":{"line":116,"column":4},"end":{"line":121,"column":5}},"37":{"start":{"line":117,"column":6},"end":{"line":120,"column":9}},"38":{"start":{"line":123,"column":4},"end":{"line":132,"column":5}},"39":{"start":{"line":124,"column":6},"end":{"line":124,"column":57}},"40":{"start":{"line":125,"column":6},"end":{"line":125,"column":54}},"41":{"start":{"line":128,"column":6},"end":{"line":131,"column":9}},"42":{"start":{"line":134,"column":4},"end":{"line":134,"column":23}},"43":{"start":{"line":135,"column":4},"end":{"line":139,"column":7}},"44":{"start":{"line":144,"column":39},"end":{"line":159,"column":1}},"45":{"start":{"line":145,"column":2},"end":{"line":158,"column":3}},"46":{"start":{"line":146,"column":4},"end":{"line":146,"column":74}},"47":{"start":{"line":147,"column":4},"end":{"line":150,"column":7}},"48":{"start":{"line":152,"column":4},"end":{"line":152,"column":23}},"49":{"start":{"line":153,"column":4},"end":{"line":157,"column":7}},"50":{"start":{"line":162,"column":39},"end":{"line":208,"column":1}},"51":{"start":{"line":163,"column":2},"end":{"line":207,"column":3}},"52":{"start":{"line":165,"column":6},"end":{"line":165,"column":16}},"53":{"start":{"line":166,"column":22},"end":{"line":166,"column":31}},"54":{"start":{"line":168,"column":4},"end":{"line":183,"column":5}},"55":{"start":{"line":170,"column":8},"end":{"line":170,"column":67}},"56":{"start":{"line":172,"column":8},"end":{"line":172,"column":74}},"57":{"start":{"line":174,"column":8},"end":{"line":174,"column":68}},"58":{"start":{"line":176,"column":8},"end":{"line":176,"column":71}},"59":{"start":{"line":178,"column":8},"end":{"line":178,"column":71}},"60":{"start":{"line":180,"column":8},"end":{"line":182,"column":76}},"61":{"start":{"line":185,"column":21},"end":{"line":189,"column":5}},"62":{"start":{"line":190,"column":4},"end":{"line":193,"column":5}},"63":{"start":{"line":191,"column":6},"end":{"line":191,"column":56}},"64":{"start":{"line":192,"column":6},"end":{"line":192,"column":46}},"65":{"start":{"line":194,"column":4},"end":{"line":194,"column":26}},"66":{"start":{"line":195,"column":4},"end":{"line":199,"column":7}},"67":{"start":{"line":201,"column":4},"end":{"line":201,"column":23}},"68":{"start":{"line":202,"column":4},"end":{"line":206,"column":7}},"69":{"start":{"line":211,"column":40},"end":{"line":230,"column":1}},"70":{"start":{"line":212,"column":2},"end":{"line":229,"column":3}},"71":{"start":{"line":213,"column":31},"end":{"line":213,"column":39}},"72":{"start":{"line":214,"column":15},"end":{"line":214,"column":17}},"73":{"start":{"line":215,"column":4},"end":{"line":215,"column":63}},"74":{"start":{"line":215,"column":39},"end":{"line":215,"column":63}},"75":{"start":{"line":216,"column":4},"end":{"line":216,"column":85}},"76":{"start":{"line":216,"column":37},"end":{"line":216,"column":85}},"77":{"start":{"line":217,"column":21},"end":{"line":217,"column":50}},"78":{"start":{"line":218,"column":4},"end":{"line":221,"column":7}},"79":{"start":{"line":223,"column":4},"end":{"line":223,"column":23}},"80":{"start":{"line":224,"column":4},"end":{"line":228,"column":7}},"81":{"start":{"line":233,"column":38},"end":{"line":248,"column":1}},"82":{"start":{"line":234,"column":2},"end":{"line":247,"column":3}},"83":{"start":{"line":235,"column":18},"end":{"line":235,"column":61}},"84":{"start":{"line":236,"column":4},"end":{"line":239,"column":7}},"85":{"start":{"line":241,"column":4},"end":{"line":241,"column":23}},"86":{"start":{"line":242,"column":4},"end":{"line":246,"column":7}},"87":{"start":{"line":251,"column":37},"end":{"line":275,"column":1}},"88":{"start":{"line":252,"column":2},"end":{"line":274,"column":3}},"89":{"start":{"line":253,"column":20},"end":{"line":253,"column":21}},"90":{"start":{"line":255,"column":20},"end":{"line":255,"column":50}},"91":{"start":{"line":256,"column":17},"end":{"line":256,"column":42}},"92":{"start":{"line":257,"column":21},"end":{"line":262,"column":30}},"93":{"start":{"line":263,"column":4},"end":{"line":266,"column":7}},"94":{"start":{"line":268,"column":4},"end":{"line":268,"column":23}},"95":{"start":{"line":269,"column":4},"end":{"line":273,"column":7}},"96":{"start":{"line":278,"column":39},"end":{"line":309,"column":1}},"97":{"start":{"line":279,"column":2},"end":{"line":308,"column":3}},"98":{"start":{"line":280,"column":24},"end":{"line":280,"column":34}},"99":{"start":{"line":281,"column":4},"end":{"line":286,"column":5}},"100":{"start":{"line":282,"column":6},"end":{"line":285,"column":9}},"101":{"start":{"line":288,"column":20},"end":{"line":295,"column":23}},"102":{"start":{"line":296,"column":4},"end":{"line":299,"column":7}},"103":{"start":{"line":302,"column":4},"end":{"line":302,"column":23}},"104":{"start":{"line":303,"column":4},"end":{"line":307,"column":7}},"105":{"start":{"line":312,"column":40},"end":{"line":342,"column":1}},"106":{"start":{"line":313,"column":2},"end":{"line":341,"column":3}},"107":{"start":{"line":314,"column":25},"end":{"line":314,"column":35}},"108":{"start":{"line":315,"column":4},"end":{"line":320,"column":5}},"109":{"start":{"line":316,"column":6},"end":{"line":319,"column":9}},"110":{"start":{"line":322,"column":21},"end":{"line":329,"column":27}},"111":{"start":{"line":330,"column":4},"end":{"line":333,"column":7}},"112":{"start":{"line":335,"column":4},"end":{"line":335,"column":23}},"113":{"start":{"line":336,"column":4},"end":{"line":340,"column":7}},"114":{"start":{"line":345,"column":41},"end":{"line":373,"column":1}},"115":{"start":{"line":346,"column":2},"end":{"line":372,"column":3}},"116":{"start":{"line":347,"column":21},"end":{"line":347,"column":31}},"117":{"start":{"line":348,"column":4},"end":{"line":350,"column":5}},"118":{"start":{"line":349,"column":6},"end":{"line":349,"column":83}},"119":{"start":{"line":352,"column":21},"end":{"line":352,"column":58}},"120":{"start":{"line":353,"column":4},"end":{"line":358,"column":5}},"121":{"start":{"line":354,"column":6},"end":{"line":357,"column":9}},"122":{"start":{"line":359,"column":21},"end":{"line":359,"column":79}},"123":{"start":{"line":360,"column":4},"end":{"line":364,"column":7}},"124":{"start":{"line":366,"column":4},"end":{"line":366,"column":23}},"125":{"start":{"line":367,"column":4},"end":{"line":371,"column":7}},"126":{"start":{"line":377,"column":40},"end":{"line":389,"column":1}},"127":{"start":{"line":378,"column":2},"end":{"line":388,"column":3}},"128":{"start":{"line":379,"column":4},"end":{"line":385,"column":7}},"129":{"start":{"line":380,"column":6},"end":{"line":384,"column":7}},"130":{"start":{"line":381,"column":8},"end":{"line":381,"column":34}},"131":{"start":{"line":383,"column":8},"end":{"line":383,"column":27}},"132":{"start":{"line":387,"column":4},"end":{"line":387,"column":23}},"133":{"start":{"line":392,"column":42},"end":{"line":423,"column":1}},"134":{"start":{"line":393,"column":2},"end":{"line":422,"column":3}},"135":{"start":{"line":394,"column":28},"end":{"line":394,"column":36}},"136":{"start":{"line":395,"column":16},"end":{"line":395,"column":17}},"137":{"start":{"line":396,"column":4},"end":{"line":398,"column":7}},"138":{"start":{"line":397,"column":6},"end":{"line":397,"column":23}},"139":{"start":{"line":399,"column":25},"end":{"line":419,"column":5}},"140":{"start":{"line":408,"column":8},"end":{"line":417,"column":9}},"141":{"start":{"line":409,"column":24},"end":{"line":413,"column":19}},"142":{"start":{"line":414,"column":10},"end":{"line":414,"column":33}},"143":{"start":{"line":416,"column":10},"end":{"line":416,"column":38}},"144":{"start":{"line":421,"column":4},"end":{"line":421,"column":23}}},"fnMap":{"0":{"name":"(anonymous_0)","decl":{"start":{"line":20,"column":39},"end":{"line":20,"column":40}},"loc":{"start":{"line":20,"column":59},"end":{"line":62,"column":1}},"line":20},"1":{"name":"(anonymous_1)","decl":{"start":{"line":65,"column":36},"end":{"line":65,"column":37}},"loc":{"start":{"line":65,"column":56},"end":{"line":87,"column":1}},"line":65},"2":{"name":"(anonymous_2)","decl":{"start":{"line":90,"column":42},"end":{"line":90,"column":43}},"loc":{"start":{"line":90,"column":62},"end":{"line":109,"column":1}},"line":90},"3":{"name":"(anonymous_3)","decl":{"start":{"line":112,"column":38},"end":{"line":112,"column":39}},"loc":{"start":{"line":112,"column":58},"end":{"line":141,"column":1}},"line":112},"4":{"name":"(anonymous_4)","decl":{"start":{"line":144,"column":39},"end":{"line":144,"column":40}},"loc":{"start":{"line":144,"column":59},"end":{"line":159,"column":1}},"line":144},"5":{"name":"(anonymous_5)","decl":{"start":{"line":162,"column":39},"end":{"line":162,"column":40}},"loc":{"start":{"line":162,"column":59},"end":{"line":208,"column":1}},"line":162},"6":{"name":"(anonymous_6)","decl":{"start":{"line":211,"column":40},"end":{"line":211,"column":41}},"loc":{"start":{"line":211,"column":60},"end":{"line":230,"column":1}},"line":211},"7":{"name":"(anonymous_7)","decl":{"start":{"line":233,"column":38},"end":{"line":233,"column":39}},"loc":{"start":{"line":233,"column":58},"end":{"line":248,"column":1}},"line":233},"8":{"name":"(anonymous_8)","decl":{"start":{"line":251,"column":37},"end":{"line":251,"column":38}},"loc":{"start":{"line":251,"column":57},"end":{"line":275,"column":1}},"line":251},"9":{"name":"(anonymous_9)","decl":{"start":{"line":278,"column":39},"end":{"line":278,"column":40}},"loc":{"start":{"line":278,"column":59},"end":{"line":309,"column":1}},"line":278},"10":{"name":"(anonymous_10)","decl":{"start":{"line":312,"column":40},"end":{"line":312,"column":41}},"loc":{"start":{"line":312,"column":60},"end":{"line":342,"column":1}},"line":312},"11":{"name":"(anonymous_11)","decl":{"start":{"line":345,"column":41},"end":{"line":345,"column":42}},"loc":{"start":{"line":345,"column":61},"end":{"line":373,"column":1}},"line":345},"12":{"name":"(anonymous_12)","decl":{"start":{"line":377,"column":40},"end":{"line":377,"column":41}},"loc":{"start":{"line":377,"column":60},"end":{"line":389,"column":1}},"line":377},"13":{"name":"(anonymous_13)","decl":{"start":{"line":379,"column":37},"end":{"line":379,"column":38}},"loc":{"start":{"line":379,"column":62},"end":{"line":385,"column":5}},"line":379},"14":{"name":"(anonymous_14)","decl":{"start":{"line":392,"column":42},"end":{"line":392,"column":43}},"loc":{"start":{"line":392,"column":62},"end":{"line":423,"column":1}},"line":392},"15":{"name":"(anonymous_15)","decl":{"start":{"line":396,"column":13},"end":{"line":396,"column":14}},"loc":{"start":{"line":396,"column":20},"end":{"line":398,"column":5}},"line":396},"16":{"name":"(anonymous_16)","decl":{"start":{"line":407,"column":6},"end":{"line":407,"column":7}},"loc":{"start":{"line":407,"column":31},"end":{"line":418,"column":7}},"line":407}},"branchMap":{"0":{"loc":{"start":{"line":26,"column":4},"end":{"line":41,"column":5}},"type":"switch","locations":[{"start":{"line":27,"column":6},"end":{"line":28,"column":67}},{"start":{"line":29,"column":6},"end":{"line":30,"column":74}},{"start":{"line":31,"column":6},"end":{"line":32,"column":68}},{"start":{"line":33,"column":6},"end":{"line":34,"column":71}},{"start":{"line":35,"column":6},"end":{"line":36,"column":71}},{"start":{"line":37,"column":6},"end":{"line":40,"column":76}}],"line":26},"1":{"loc":{"start":{"line":37,"column":11},"end":{"line":37,"column":40}},"type":"binary-expr","locations":[{"start":{"line":37,"column":11},"end":{"line":37,"column":16}},{"start":{"line":37,"column":20},"end":{"line":37,"column":40}}],"line":37},"2":{"loc":{"start":{"line":44,"column":4},"end":{"line":47,"column":5}},"type":"if","locations":[{"start":{"line":44,"column":4},"end":{"line":47,"column":5}},{"start":{},"end":{}}],"line":44},"3":{"loc":{"start":{"line":116,"column":4},"end":{"line":121,"column":5}},"type":"if","locations":[{"start":{"line":116,"column":4},"end":{"line":121,"column":5}},{"start":{},"end":{}}],"line":116},"4":{"loc":{"start":{"line":123,"column":4},"end":{"line":132,"column":5}},"type":"if","locations":[{"start":{"line":123,"column":4},"end":{"line":132,"column":5}},{"start":{"line":126,"column":11},"end":{"line":132,"column":5}}],"line":123},"5":{"loc":{"start":{"line":123,"column":8},"end":{"line":123,"column":43}},"type":"binary-expr","locations":[{"start":{"line":123,"column":8},"end":{"line":123,"column":21}},{"start":{"line":123,"column":25},"end":{"line":123,"column":43}}],"line":123},"6":{"loc":{"start":{"line":168,"column":4},"end":{"line":183,"column":5}},"type":"switch","locations":[{"start":{"line":169,"column":6},"end":{"line":170,"column":67}},{"start":{"line":171,"column":6},"end":{"line":172,"column":74}},{"start":{"line":173,"column":6},"end":{"line":174,"column":68}},{"start":{"line":175,"column":6},"end":{"line":176,"column":71}},{"start":{"line":177,"column":6},"end":{"line":178,"column":71}},{"start":{"line":179,"column":6},"end":{"line":182,"column":76}}],"line":168},"7":{"loc":{"start":{"line":179,"column":11},"end":{"line":179,"column":40}},"type":"binary-expr","locations":[{"start":{"line":179,"column":11},"end":{"line":179,"column":16}},{"start":{"line":179,"column":20},"end":{"line":179,"column":40}}],"line":179},"8":{"loc":{"start":{"line":190,"column":4},"end":{"line":193,"column":5}},"type":"if","locations":[{"start":{"line":190,"column":4},"end":{"line":193,"column":5}},{"start":{},"end":{}}],"line":190},"9":{"loc":{"start":{"line":215,"column":4},"end":{"line":215,"column":63}},"type":"if","locations":[{"start":{"line":215,"column":4},"end":{"line":215,"column":63}},{"start":{},"end":{}}],"line":215},"10":{"loc":{"start":{"line":215,"column":8},"end":{"line":215,"column":37}},"type":"binary-expr","locations":[{"start":{"line":215,"column":8},"end":{"line":215,"column":15}},{"start":{"line":215,"column":19},"end":{"line":215,"column":37}}],"line":215},"11":{"loc":{"start":{"line":216,"column":4},"end":{"line":216,"column":85}},"type":"if","locations":[{"start":{"line":216,"column":4},"end":{"line":216,"column":85}},{"start":{},"end":{}}],"line":216},"12":{"loc":{"start":{"line":216,"column":8},"end":{"line":216,"column":35}},"type":"binary-expr","locations":[{"start":{"line":216,"column":8},"end":{"line":216,"column":13}},{"start":{"line":216,"column":17},"end":{"line":216,"column":35}}],"line":216},"13":{"loc":{"start":{"line":255,"column":20},"end":{"line":255,"column":50}},"type":"binary-expr","locations":[{"start":{"line":255,"column":20},"end":{"line":255,"column":45}},{"start":{"line":255,"column":49},"end":{"line":255,"column":50}}],"line":255},"14":{"loc":{"start":{"line":256,"column":17},"end":{"line":256,"column":42}},"type":"cond-expr","locations":[{"start":{"line":256,"column":31},"end":{"line":256,"column":32}},{"start":{"line":256,"column":35},"end":{"line":256,"column":42}}],"line":256},"15":{"loc":{"start":{"line":281,"column":4},"end":{"line":286,"column":5}},"type":"if","locations":[{"start":{"line":281,"column":4},"end":{"line":286,"column":5}},{"start":{},"end":{}}],"line":281},"16":{"loc":{"start":{"line":281,"column":8},"end":{"line":281,"column":41}},"type":"binary-expr","locations":[{"start":{"line":281,"column":8},"end":{"line":281,"column":16}},{"start":{"line":281,"column":20},"end":{"line":281,"column":41}}],"line":281},"17":{"loc":{"start":{"line":315,"column":4},"end":{"line":320,"column":5}},"type":"if","locations":[{"start":{"line":315,"column":4},"end":{"line":320,"column":5}},{"start":{},"end":{}}],"line":315},"18":{"loc":{"start":{"line":315,"column":8},"end":{"line":315,"column":20}},"type":"binary-expr","locations":[{"start":{"line":315,"column":8},"end":{"line":315,"column":12}},{"start":{"line":315,"column":16},"end":{"line":315,"column":20}}],"line":315},"19":{"loc":{"start":{"line":348,"column":4},"end":{"line":350,"column":5}},"type":"if","locations":[{"start":{"line":348,"column":4},"end":{"line":350,"column":5}},{"start":{},"end":{}}],"line":348},"20":{"loc":{"start":{"line":353,"column":4},"end":{"line":358,"column":5}},"type":"if","locations":[{"start":{"line":353,"column":4},"end":{"line":358,"column":5}},{"start":{},"end":{}}],"line":353},"21":{"loc":{"start":{"line":380,"column":6},"end":{"line":384,"column":7}},"type":"if","locations":[{"start":{"line":380,"column":6},"end":{"line":384,"column":7}},{"start":{"line":382,"column":13},"end":{"line":384,"column":7}}],"line":380},"22":{"loc":{"start":{"line":408,"column":8},"end":{"line":417,"column":9}},"type":"if","locations":[{"start":{"line":408,"column":8},"end":{"line":417,"column":9}},{"start":{"line":415,"column":15},"end":{"line":417,"column":9}}],"line":408}},"s":{"0":1,"1":1,"2":1,"3":0,"4":0,"5":0,"6":0,"7":0,"8":0,"9":0,"10":0,"11":0,"12":0,"13":0,"14":0,"15":0,"16":0,"17":0,"18":0,"19":0,"20":0,"21":1,"22":4,"23":4,"24":3,"25":1,"26":1,"27":1,"28":4,"29":4,"30":3,"31":1,"32":1,"33":1,"34":5,"35":5,"36":4,"37":1,"38":3,"39":1,"40":1,"41":2,"42":1,"43":1,"44":1,"45":0,"46":0,"47":0,"48":0,"49":0,"50":1,"51":0,"52":0,"53":0,"54":0,"55":0,"56":0,"57":0,"58":0,"59":0,"60":0,"61":0,"62":0,"63":0,"64":0,"65":0,"66":0,"67":0,"68":0,"69":1,"70":7,"71":7,"72":7,"73":7,"74":2,"75":7,"76":3,"77":7,"78":4,"79":3,"80":3,"81":1,"82":2,"83":2,"84":1,"85":1,"86":1,"87":1,"88":6,"89":6,"90":6,"91":6,"92":6,"93":5,"94":1,"95":1,"96":1,"97":4,"98":4,"99":4,"100":2,"101":2,"102":1,"103":1,"104":1,"105":1,"106":4,"107":4,"108":4,"109":2,"110":2,"111":1,"112":1,"113":1,"114":1,"115":4,"116":4,"117":4,"118":1,"119":3,"120":2,"121":1,"122":1,"123":1,"124":1,"125":1,"126":1,"127":0,"128":0,"129":0,"130":0,"131":0,"132":0,"133":1,"134":0,"135":0,"136":0,"137":0,"138":0,"139":0,"140":0,"141":0,"142":0,"143":0,"144":0},"f":{"0":0,"1":4,"2":4,"3":5,"4":0,"5":0,"6":7,"7":2,"8":6,"9":4,"10":4,"11":4,"12":0,"13":0,"14":0,"15":0,"16":0},"b":{"0":[0,0,0,0,0,0],"1":[0,0],"2":[0,0],"3":[1,3],"4":[1,2],"5":[3,2],"6":[0,0,0,0,0,0],"7":[0,0],"8":[0,0],"9":[2,5],"10":[7,6],"11":[3,4],"12":[7,6],"13":[6,3],"14":[1,5],"15":[2,2],"16":[4,3],"17":[2,2],"18":[4,3],"19":[1,3],"20":[1,1],"21":[0,0],"22":[0,0]},"_coverageSchema":"1a1c01bbd47fc00a2c39e90264f33305004495a9","hash":"f3ad8d57fc8318ec4a1dc42c73b4de844890d931"}
,"C:\\Users\\USER\\Desktop\\NUS exchange classes\\CS4218 Software Testing\\Project\\cs4218-2520-ecom-project-cs4218-2520-team13\\models\\productModel.js": {"path":"C:\\Users\\USER\\Desktop\\NUS exchange classes\\CS4218 Software Testing\\Project\\cs4218-2520-ecom-project-cs4218-2520-team13\\models\\productModel.js","statementMap":{"0":{"start":{"line":3,"column":22},"end":{"line":39,"column":1}}},"fnMap":{},"branchMap":{},"s":{"0":2},"f":{},"b":{},"_coverageSchema":"1a1c01bbd47fc00a2c39e90264f33305004495a9","hash":"e86f55dfae31b934c8ceb98ac3b0596c32bc6b4e"}
}
