TN:
SF:controllers\authController.js
FN:7,(anonymous_0)
FN:66,(anonymous_1)
FN:120,(anonymous_2)
FN:158,(anonymous_3)
FN:168,(anonymous_4)
FN:203,(anonymous_5)
FN:220,(anonymous_6)
FN:239,(anonymous_7)
FNF:8
FNH:0
FNDA:0,(anonymous_0)
FNDA:0,(anonymous_1)
FNDA:0,(anonymous_2)
FNDA:0,(anonymous_3)
FNDA:0,(anonymous_4)
FNDA:0,(anonymous_5)
FNDA:0,(anonymous_6)
FNDA:0,(anonymous_7)
DA:7,0
DA:8,0
DA:9,0
DA:11,0
DA:12,0
DA:14,0
DA:15,0
DA:17,0
DA:18,0
DA:20,0
DA:21,0
DA:23,0
DA:24,0
DA:26,0
DA:27,0
DA:30,0
DA:32,0
DA:33,0
DA:39,0
DA:41,0
DA:50,0
DA:56,0
DA:57,0
DA:66,0
DA:67,0
DA:68,0
DA:70,0
DA:71,0
DA:77,0
DA:78,0
DA:79,0
DA:84,0
DA:85,0
DA:86,0
DA:92,0
DA:95,0
DA:109,0
DA:110,0
DA:120,0
DA:121,0
DA:122,0
DA:123,0
DA:124,0
DA:126,0
DA:127,0
DA:129,0
DA:130,0
DA:133,0
DA:135,0
DA:136,0
DA:141,0
DA:142,0
DA:143,0
DA:148,0
DA:149,0
DA:158,0
DA:159,0
DA:160,0
DA:162,0
DA:163,0
DA:168,0
DA:169,0
DA:170,0
DA:171,0
DA:173,0
DA:174,0
DA:176,0
DA:177,0
DA:187,0
DA:193,0
DA:194,0
DA:203,0
DA:204,0
DA:205,0
DA:209,0
DA:211,0
DA:212,0
DA:220,0
DA:221,0
DA:222,0
DA:227,0
DA:229,0
DA:230,0
DA:239,0
DA:240,0
DA:241,0
DA:242,0
DA:243,0
DA:248,0
DA:250,0
DA:251,0
LF:91
LH:0
BRDA:11,0,0,0
BRDA:11,0,1,0
BRDA:14,1,0,0
BRDA:14,1,1,0
BRDA:17,2,0,0
BRDA:17,2,1,0
BRDA:20,3,0,0
BRDA:20,3,1,0
BRDA:23,4,0,0
BRDA:23,4,1,0
BRDA:26,5,0,0
BRDA:26,5,1,0
BRDA:32,6,0,0
BRDA:32,6,1,0
BRDA:70,7,0,0
BRDA:70,7,1,0
BRDA:70,8,0,0
BRDA:70,8,1,0
BRDA:78,9,0,0
BRDA:78,9,1,0
BRDA:85,10,0,0
BRDA:85,10,1,0
BRDA:123,11,0,0
BRDA:123,11,1,0
BRDA:126,12,0,0
BRDA:126,12,1,0
BRDA:129,13,0,0
BRDA:129,13,1,0
BRDA:135,14,0,0
BRDA:135,14,1,0
BRDA:173,15,0,0
BRDA:173,15,1,0
BRDA:173,16,0,0
BRDA:173,16,1,0
BRDA:176,17,0,0
BRDA:176,17,1,0
BRDA:180,18,0,0
BRDA:180,18,1,0
BRDA:181,19,0,0
BRDA:181,19,1,0
BRDA:182,20,0,0
BRDA:182,20,1,0
BRDA:183,21,0,0
BRDA:183,21,1,0
BRF:44
BRH:0
end_of_record
TN:
SF:controllers\categoryController.js
FN:3,(anonymous_0)
FN:36,(anonymous_1)
FN:61,(anonymous_2)
FN:80,(anonymous_3)
FN:99,(anonymous_4)
FNF:5
FNH:0
FNDA:0,(anonymous_0)
FNDA:0,(anonymous_1)
FNDA:0,(anonymous_2)
FNDA:0,(anonymous_3)
FNDA:0,(anonymous_4)
DA:3,0
DA:4,0
DA:5,0
DA:6,0
DA:7,0
DA:9,0
DA:10,0
DA:11,0
DA:16,0
DA:20,0
DA:26,0
DA:27,0
DA:36,0
DA:37,0
DA:38,0
DA:39,0
DA:40,0
DA:45,0
DA:51,0
DA:52,0
DA:61,0
DA:62,0
DA:63,0
DA:64,0
DA:70,0
DA:71,0
DA:80,0
DA:81,0
DA:82,0
DA:83,0
DA:89,0
DA:90,0
DA:99,0
DA:100,0
DA:101,0
DA:102,0
DA:103,0
DA:108,0
DA:109,0
LF:39
LH:0
BRDA:6,0,0,0
BRDA:6,0,1,0
BRDA:10,1,0,0
BRDA:10,1,1,0
BRF:4
BRH:0
end_of_record
TN:
SF:controllers\productController.js
FN:20,(anonymous_0)
FN:65,(anonymous_1)
FN:90,(anonymous_2)
FN:112,(anonymous_3)
FN:144,(anonymous_4)
FN:162,(anonymous_5)
FN:211,(anonymous_6)
FN:233,(anonymous_7)
FN:251,(anonymous_8)
FN:278,(anonymous_9)
FN:312,(anonymous_10)
FN:345,(anonymous_11)
FN:377,(anonymous_12)
FN:379,(anonymous_13)
FN:392,(anonymous_14)
FN:396,(anonymous_15)
FN:407,(anonymous_16)
FNF:17
FNH:9
FNDA:0,(anonymous_0)
FNDA:4,(anonymous_1)
FNDA:4,(anonymous_2)
FNDA:5,(anonymous_3)
FNDA:0,(anonymous_4)
FNDA:0,(anonymous_5)
FNDA:7,(anonymous_6)
FNDA:2,(anonymous_7)
FNDA:6,(anonymous_8)
FNDA:4,(anonymous_9)
FNDA:4,(anonymous_10)
FNDA:4,(anonymous_11)
FNDA:0,(anonymous_12)
FNDA:0,(anonymous_13)
FNDA:0,(anonymous_14)
FNDA:0,(anonymous_15)
FNDA:0,(anonymous_16)
DA:10,1
DA:13,1
DA:20,1
DA:21,0
DA:23,0
DA:24,0
DA:26,0
DA:28,0
DA:30,0
DA:32,0
DA:34,0
DA:36,0
DA:38,0
DA:43,0
DA:44,0
DA:45,0
DA:46,0
DA:48,0
DA:49,0
DA:55,0
DA:56,0
DA:65,1
DA:66,4
DA:67,4
DA:73,3
DA:80,1
DA:81,1
DA:90,1
DA:91,4
DA:92,4
DA:96,3
DA:102,1
DA:103,1
DA:112,1
DA:113,5
DA:114,5
DA:116,4
DA:117,1
DA:123,3
DA:124,1
DA:125,1
DA:128,2
DA:134,1
DA:135,1
DA:144,1
DA:145,0
DA:146,0
DA:147,0
DA:152,0
DA:153,0
DA:162,1
DA:163,0
DA:165,0
DA:166,0
DA:168,0
DA:170,0
DA:172,0
DA:174,0
DA:176,0
DA:178,0
DA:180,0
DA:185,0
DA:190,0
DA:191,0
DA:192,0
DA:194,0
DA:195,0
DA:201,0
DA:202,0
DA:211,1
DA:212,7
DA:213,7
DA:214,7
DA:215,7
DA:216,7
DA:217,7
DA:218,4
DA:223,3
DA:224,3
DA:233,1
DA:234,2
DA:235,2
DA:236,1
DA:241,1
DA:242,1
DA:251,1
DA:252,6
DA:253,6
DA:255,6
DA:256,6
DA:257,6
DA:263,5
DA:268,1
DA:269,1
DA:278,1
DA:279,4
DA:280,4
DA:281,4
DA:282,2
DA:288,2
DA:296,1
DA:302,1
DA:303,1
DA:312,1
DA:313,4
DA:314,4
DA:315,4
DA:316,2
DA:322,2
DA:330,1
DA:335,1
DA:336,1
DA:345,1
DA:346,4
DA:347,4
DA:348,4
DA:349,1
DA:352,3
DA:353,2
DA:354,1
DA:359,1
DA:360,1
DA:366,1
DA:367,1
DA:377,1
DA:378,0
DA:379,0
DA:380,0
DA:381,0
DA:383,0
DA:387,0
DA:392,1
DA:393,0
DA:394,0
DA:395,0
DA:396,0
DA:397,0
DA:399,0
DA:408,0
DA:409,0
DA:414,0
DA:416,0
DA:421,0
LF:143
LH:85
BRDA:26,0,0,0
BRDA:26,0,1,0
BRDA:26,0,2,0
BRDA:26,0,3,0
BRDA:26,0,4,0
BRDA:26,0,5,0
BRDA:37,1,0,0
BRDA:37,1,1,0
BRDA:44,2,0,0
BRDA:44,2,1,0
BRDA:116,3,0,1
BRDA:116,3,1,3
BRDA:123,4,0,1
BRDA:123,4,1,2
BRDA:123,5,0,3
BRDA:123,5,1,2
BRDA:168,6,0,0
BRDA:168,6,1,0
BRDA:168,6,2,0
BRDA:168,6,3,0
BRDA:168,6,4,0
BRDA:168,6,5,0
BRDA:179,7,0,0
BRDA:179,7,1,0
BRDA:190,8,0,0
BRDA:190,8,1,0
BRDA:215,9,0,2
BRDA:215,9,1,5
BRDA:215,10,0,7
BRDA:215,10,1,6
BRDA:216,11,0,3
BRDA:216,11,1,4
BRDA:216,12,0,7
BRDA:216,12,1,6
BRDA:255,13,0,6
BRDA:255,13,1,3
BRDA:256,14,0,1
BRDA:256,14,1,5
BRDA:281,15,0,2
BRDA:281,15,1,2
BRDA:281,16,0,4
BRDA:281,16,1,3
BRDA:315,17,0,2
BRDA:315,17,1,2
BRDA:315,18,0,4
BRDA:315,18,1,3
BRDA:348,19,0,1
BRDA:348,19,1,3
BRDA:353,20,0,1
BRDA:353,20,1,1
BRDA:380,21,0,0
BRDA:380,21,1,0
BRDA:408,22,0,0
BRDA:408,22,1,0
BRF:54
BRH:30
end_of_record
TN:
SF:models\productModel.js
FNF:0
FNH:0
DA:3,2
LF:1
LH:1
BRF:0
BRH:0
end_of_record
