TN:
SF:client\src\pages\CategoryProduct.js
FN:6,(anonymous_0)
FN:12,(anonymous_1)
FN:15,(anonymous_2)
FN:35,(anonymous_3)
FN:58,(anonymous_4)
FNF:5
FNH:5
FNDA:17,(anonymous_0)
FNDA:11,(anonymous_1)
FNDA:10,(anonymous_2)
FNDA:7,(anonymous_3)
FNDA:1,(anonymous_4)
DA:6,1
DA:7,17
DA:8,17
DA:9,17
DA:10,17
DA:12,17
DA:13,11
DA:15,17
DA:16,10
DA:17,10
DA:20,9
DA:21,9
DA:23,1
DA:27,17
DA:36,7
DA:58,1
LF:16
LH:16
BRDA:13,0,0,10
BRDA:13,0,1,1
BRDA:30,1,0,6
BRDA:30,1,1,11
BRDA:31,2,0,17
BRDA:31,2,1,11
BRF:6
BRH:6
end_of_record
TN:
SF:client\src\pages\Contact.js
FN:4,(anonymous_0)
FNF:1
FNH:1
FNDA:4,(anonymous_0)
DA:4,1
DA:5,4
LF:2
LH:2
BRF:0
BRH:0
end_of_record
TN:
SF:client\src\pages\Policy.js
FN:4,(anonymous_0)
FNF:1
FNH:1
FNDA:3,(anonymous_0)
DA:4,1
DA:5,3
LF:2
LH:2
BRF:0
BRH:0
end_of_record
TN:
SF:client\src\pages\ProductDetails.js
FN:8,(anonymous_0)
FN:18,(anonymous_1)
FN:22,(anonymous_2)
FN:34,(anonymous_3)
FN:79,(anonymous_4)
FN:102,(anonymous_5)
FNF:6
FNH:6
FNDA:10,(anonymous_0)
FNDA:6,(anonymous_1)
FNDA:5,(anonymous_2)
FNDA:4,(anonymous_3)
FNDA:2,(anonymous_4)
FNDA:1,(anonymous_5)
DA:8,1
DA:9,10
DA:10,10
DA:13,10
DA:14,10
DA:18,10
DA:19,6
DA:22,10
DA:23,5
DA:24,5
DA:27,4
DA:28,4
DA:30,1
DA:34,10
DA:35,4
DA:36,4
DA:39,3
DA:41,1
DA:44,10
DA:80,2
DA:102,1
LF:21
LH:21
BRDA:19,0,0,5
BRDA:19,0,1,1
BRDA:75,1,0,10
BRDA:75,1,1,8
BRF:4
BRH:4
end_of_record
TN:
SF:client\src\pages\Auth\Login.js
FN:9,(anonymous_0)
FN:20,(anonymous_1)
FN:62,(anonymous_2)
FN:73,(anonymous_3)
FN:84,(anonymous_4)
FNF:5
FNH:4
FNDA:14,(anonymous_0)
FNDA:3,(anonymous_1)
FNDA:4,(anonymous_2)
FNDA:4,(anonymous_3)
FNDA:0,(anonymous_4)
DA:9,1
DA:10,14
DA:11,14
DA:12,14
DA:15,14
DA:16,14
DA:20,14
DA:21,3
DA:22,3
DA:23,3
DA:27,2
DA:28,1
DA:36,1
DA:41,1
DA:42,1
DA:44,1
DA:47,1
DA:48,1
DA:51,14
DA:62,4
DA:73,4
DA:85,0
LF:22
LH:21
BRDA:27,0,0,1
BRDA:27,0,1,1
BRDA:27,1,0,2
BRDA:27,1,1,2
BRDA:28,2,0,1
BRDA:28,2,1,1
BRDA:42,3,0,1
BRDA:42,3,1,1
BRF:8
BRH:8
end_of_record
TN:
SF:client\src\pages\Auth\Register.js
FN:7,(anonymous_0)
FN:18,(anonymous_1)
FN:51,(anonymous_2)
FN:63,(anonymous_3)
FN:74,(anonymous_4)
FN:85,(anonymous_5)
FN:96,(anonymous_6)
FN:107,(anonymous_7)
FN:118,(anonymous_8)
FNF:9
FNH:9
FNDA:24,(anonymous_0)
FNDA:3,(anonymous_1)
FNDA:3,(anonymous_2)
FNDA:3,(anonymous_3)
FNDA:3,(anonymous_4)
FNDA:3,(anonymous_5)
FNDA:3,(anonymous_6)
FNDA:3,(anonymous_7)
FNDA:3,(anonymous_8)
DA:7,1
DA:8,24
DA:9,24
DA:10,24
DA:11,24
DA:12,24
DA:13,24
DA:14,24
DA:15,24
DA:18,24
DA:19,3
DA:20,3
DA:21,3
DA:30,2
DA:31,1
DA:32,1
DA:34,1
DA:37,1
DA:38,1
DA:42,24
DA:51,3
DA:63,3
DA:74,3
DA:85,3
DA:96,3
DA:107,3
DA:118,3
LF:27
LH:27
BRDA:30,0,0,1
BRDA:30,0,1,1
BRDA:30,1,0,2
BRDA:30,1,1,2
BRF:4
BRH:4
end_of_record
